<?xml version="1.0" encoding="UTF-8"?>
<!-- Generated by org.testng.reporters.JUnitReportReporter -->
<testsuite hostname="soumaya" failures="0" tests="1" name="testCases.DemoTest" time="0.011" errors="0" timestamp="2023-08-28T14:37:24 HAE" skipped="0">
  <testcase classname="testCases.DemoTest" name="f" time="0.011"/>
</testsuite> <!-- testCases.DemoTest -->
